{"level":"info","message":"八字计算成功，birthDate: 1990-01-01T12:00:00Z","timestamp":"2025-04-10T03:51:27.042Z"}
{"level":"info","message":"创建八字分析记录成功，userId: 42, 记录ID: 12","timestamp":"2025-04-10T03:51:41.714Z"}
{"level":"info","message":"八字模拟分析成功，userId: 42, birthDate: 1990-01-01T12:00:00Z","timestamp":"2025-04-10T03:51:41.715Z"}
{"level":"info","message":"八字计算成功，birthDate: 1990-01-01T12:00:00Z","timestamp":"2025-04-10T03:52:27.570Z"}
{"level":"info","message":"创建八字分析记录成功，userId: 42, 记录ID: 13","timestamp":"2025-04-10T03:52:40.821Z"}
{"level":"info","message":"八字模拟分析成功，userId: 42, birthDate: 1990-01-01T12:00:00Z","timestamp":"2025-04-10T03:52:40.821Z"}
{"level":"info","message":"八字计算成功，birthDate: 1990-01-01T12:30:00Z","timestamp":"2025-04-10T05:56:57.248Z"}
{"level":"info","message":"创建八字分析记录成功，userId: 42, 记录ID: 14","timestamp":"2025-04-10T05:57:14.545Z"}
{"level":"info","message":"八字模拟分析成功，userId: 42, birthDate: 1990-01-01T12:30:00Z","timestamp":"2025-04-10T05:57:14.545Z"}
{"level":"info","message":"八字计算成功，birthDate: 2020-01-01T12:30:00Z","timestamp":"2025-04-10T06:04:34.213Z"}
{"level":"info","message":"创建八字分析记录成功，userId: 42, 记录ID: 15","timestamp":"2025-04-10T06:04:51.100Z"}
{"level":"info","message":"八字模拟分析成功，userId: 42, birthDate: 2020-01-01T12:30:00Z","timestamp":"2025-04-10T06:04:51.100Z"}
{"level":"info","message":"八字计算成功，birthDate: 2010-01-01T12:30:00Z","timestamp":"2025-04-10T06:05:49.375Z"}
{"level":"info","message":"创建八字分析记录成功，userId: 42, 记录ID: 16","timestamp":"2025-04-10T06:06:07.739Z"}
{"level":"info","message":"八字模拟分析成功，userId: 42, birthDate: 2010-01-01T12:30:00Z","timestamp":"2025-04-10T06:06:07.740Z"}
{"level":"error","message":"八字计算失败，birthDate: 2010-01-01T8:00:00Z, 错误: birthDate 格式错误，必须为 ISO8601 格式，例如 1990-01-01T12:00:00Z","timestamp":"2025-04-10T06:08:42.067Z"}
{"level":"error","message":"八字模拟分析失败，userId: 42, birthDate: 2010-01-01T8:00:00Z, 错误: birthDate 格式错误，必须为 ISO8601 格式，例如 1990-01-01T12:00:00Z","timestamp":"2025-04-10T06:08:42.067Z"}
{"level":"info","message":"八字计算成功，birthDate: 2010-01-01T08:00:00Z","timestamp":"2025-04-10T06:08:48.510Z"}
{"level":"info","message":"创建八字分析记录成功，userId: 42, 记录ID: 17","timestamp":"2025-04-10T06:09:05.499Z"}
{"level":"info","message":"八字模拟分析成功，userId: 42, birthDate: 2010-01-01T08:00:00Z","timestamp":"2025-04-10T06:09:05.499Z"}
{"level":"info","message":"八字计算成功，birthDate: 2010-01-01T08:00:00Z","timestamp":"2025-04-10T06:16:19.713Z"}
{"level":"info","message":"创建八字分析记录成功，userId: 42, 记录ID: 18","timestamp":"2025-04-10T06:16:35.821Z"}
{"level":"info","message":"八字模拟分析成功，userId: 42, birthDate: 2010-01-01T08:00:00Z","timestamp":"2025-04-10T06:16:35.822Z"}
{"level":"info","message":"八字计算成功，birthDate: 2010-01-01T08:00:00Z","timestamp":"2025-04-10T06:17:59.476Z"}
{"level":"info","message":"创建八字分析记录成功，userId: 42, 记录ID: 19","timestamp":"2025-04-10T06:18:16.689Z"}
{"level":"info","message":"八字模拟分析成功，userId: 42, birthDate: 2010-01-01T08:00:00Z","timestamp":"2025-04-10T06:18:16.689Z"}
{"level":"info","message":"八字计算成功，birthDate: 2005-06-23T09:00:00Z","timestamp":"2025-04-10T06:18:27.255Z"}
{"level":"info","message":"创建八字分析记录成功，userId: 42, 记录ID: 20","timestamp":"2025-04-10T06:18:43.299Z"}
{"level":"info","message":"八字模拟分析成功，userId: 42, birthDate: 2005-06-23T09:00:00Z","timestamp":"2025-04-10T06:18:43.300Z"}
{"level":"info","message":"八字计算成功，birthDate: 2005-06-23T09:00:00Z","timestamp":"2025-04-10T06:42:40.960Z"}
{"level":"info","message":"创建八字分析记录成功，userId: 42, 记录ID: 21","timestamp":"2025-04-10T06:42:56.624Z"}
{"level":"info","message":"八字模拟分析成功，userId: 42, birthDate: 2005-06-23T09:00:00Z","timestamp":"2025-04-10T06:42:56.624Z"}
{"level":"error","message":"解析 ten_gods 失败，userId: 42, 数据: [object Object], 错误: \"[object Object]\" is not valid JSON","timestamp":"2025-04-10T06:44:29.095Z"}
{"level":"error","message":"解析 ten_gods 失败，userId: 42, 数据: [object Object], 错误: \"[object Object]\" is not valid JSON","timestamp":"2025-04-10T06:44:29.095Z"}
{"level":"error","message":"解析 ten_gods 失败，userId: 42, 数据: [object Object], 错误: \"[object Object]\" is not valid JSON","timestamp":"2025-04-10T06:44:29.096Z"}
{"level":"error","message":"解析 ten_gods 失败，userId: 42, 数据: [object Object], 错误: \"[object Object]\" is not valid JSON","timestamp":"2025-04-10T06:44:29.096Z"}
{"level":"error","message":"解析 ten_gods 失败，userId: 42, 数据: [object Object], 错误: \"[object Object]\" is not valid JSON","timestamp":"2025-04-10T06:44:29.097Z"}
{"level":"error","message":"解析 ten_gods 失败，userId: 42, 数据: [object Object], 错误: \"[object Object]\" is not valid JSON","timestamp":"2025-04-10T06:44:29.097Z"}
{"level":"error","message":"解析 ten_gods 失败，userId: 42, 数据: [object Object], 错误: \"[object Object]\" is not valid JSON","timestamp":"2025-04-10T06:44:29.097Z"}
{"level":"error","message":"解析 ten_gods 失败，userId: 42, 数据: [object Object], 错误: \"[object Object]\" is not valid JSON","timestamp":"2025-04-10T06:44:29.098Z"}
{"level":"error","message":"解析 ten_gods 失败，userId: 42, 数据: [object Object], 错误: \"[object Object]\" is not valid JSON","timestamp":"2025-04-10T06:44:29.098Z"}
{"level":"error","message":"解析 ten_gods 失败，userId: 42, 数据: [object Object], 错误: \"[object Object]\" is not valid JSON","timestamp":"2025-04-10T06:44:29.098Z"}
{"level":"error","message":"解析 ten_gods 失败，userId: 42, 数据: [object Object], 错误: \"[object Object]\" is not valid JSON","timestamp":"2025-04-10T06:44:29.098Z"}
{"level":"error","message":"解析 ten_gods 失败，userId: 42, 数据: [object Object], 错误: \"[object Object]\" is not valid JSON","timestamp":"2025-04-10T06:44:29.099Z"}
{"level":"error","message":"解析 ten_gods 失败，userId: 42, 数据: [object Object], 错误: \"[object Object]\" is not valid JSON","timestamp":"2025-04-10T06:44:29.099Z"}
{"level":"error","message":"解析 ten_gods 失败，userId: 42, 数据: [object Object], 错误: \"[object Object]\" is not valid JSON","timestamp":"2025-04-10T06:44:29.100Z"}
{"level":"error","message":"解析 ten_gods 失败，userId: 42, 数据: [object Object], 错误: \"[object Object]\" is not valid JSON","timestamp":"2025-04-10T06:44:29.100Z"}
{"level":"error","message":"解析 ten_gods 失败，userId: 42, 数据: [object Object], 错误: \"[object Object]\" is not valid JSON","timestamp":"2025-04-10T06:44:29.100Z"}
{"level":"error","message":"解析 ten_gods 失败，userId: 42, 数据: [object Object], 错误: \"[object Object]\" is not valid JSON","timestamp":"2025-04-10T06:44:29.101Z"}
{"level":"error","message":"解析 ten_gods 失败，userId: 42, 数据: [object Object], 错误: \"[object Object]\" is not valid JSON","timestamp":"2025-04-10T06:44:29.101Z"}
{"level":"error","message":"解析 ten_gods 失败，userId: 42, 数据: [object Object], 错误: \"[object Object]\" is not valid JSON","timestamp":"2025-04-10T06:44:29.101Z"}
{"level":"error","message":"解析 ten_gods 失败，userId: 42, 数据: [object Object], 错误: \"[object Object]\" is not valid JSON","timestamp":"2025-04-10T06:44:29.101Z"}
{"level":"info","message":"获取八字记录列表成功，userId: 42","timestamp":"2025-04-10T06:44:29.102Z"}
{"level":"info","message":"创建八字分析记录成功，userId: 42, 记录ID: 22","timestamp":"2025-04-10T06:52:46.362Z"}
{"level":"info","message":"手动创建八字记录成功，userId: 42, 记录ID: 22","timestamp":"2025-04-10T06:52:46.362Z"}
{"level":"info","message":"八字计算成功，birthDate: 2005-06-23T09:00:00Z","timestamp":"2025-04-10T06:54:03.338Z"}
{"level":"info","message":"创建八字分析记录成功，userId: 42, 记录ID: 23","timestamp":"2025-04-10T06:54:19.199Z"}
{"level":"info","message":"八字诊断成功，userId: 42, 记录ID: 23","timestamp":"2025-04-10T06:54:19.200Z"}
{"level":"info","message":"八字计算成功，birthDate: 2005-06-23T09:00:00Z","timestamp":"2025-04-10T06:54:46.831Z"}
{"level":"info","message":"创建八字分析记录成功，userId: 42, 记录ID: 24","timestamp":"2025-04-10T06:55:02.207Z"}
{"level":"info","message":"八字模拟分析成功，userId: 42, birthDate: 2005-06-23T09:00:00Z","timestamp":"2025-04-10T06:55:02.207Z"}
{"level":"info","message":"八字计算成功，birthDate: 2005-06-23T09:00:00Z","timestamp":"2025-04-10T06:55:21.367Z"}
{"level":"info","message":"创建八字分析记录成功，userId: 42, 记录ID: 25","timestamp":"2025-04-10T06:55:36.359Z"}
{"level":"info","message":"八字诊断成功，userId: 42, 记录ID: 25","timestamp":"2025-04-10T06:55:36.360Z"}
{"level":"warn","message":"JWT 认证失败，路径: /bazi-simulate, 错误: jwt expired","timestamp":"2025-04-10T10:59:28.821Z"}
{"level":"info","message":"用户登录成功，username: 杨帆","timestamp":"2025-04-10T11:01:16.301Z"}
{"level":"warn","message":"JWT 认证失败，路径: /bazi-simulate, 错误: jwt expired","timestamp":"2025-04-10T11:01:43.551Z"}
{"level":"warn","message":"JWT 认证失败，路径: /bazi-simulate, 错误: jwt expired","timestamp":"2025-04-10T11:01:50.013Z"}
{"level":"warn","message":"JWT 认证失败，路径: /bazi-simulate, 错误: jwt expired","timestamp":"2025-04-10T11:02:11.374Z"}
{"level":"warn","message":"JWT 认证失败，路径: /bazi-simulate, 错误: jwt expired","timestamp":"2025-04-10T11:02:25.224Z"}
{"level":"info","message":"用户登录成功，username: 杨帆","timestamp":"2025-04-10T11:02:48.636Z"}
{"level":"info","message":"八字计算成功，birthDate: 2005-06-23T09:00:00Z","timestamp":"2025-04-10T11:03:13.425Z"}
{"level":"info","message":"创建八字分析记录成功，userId: 43, 记录ID: 26","timestamp":"2025-04-10T11:03:27.088Z"}
{"level":"info","message":"八字模拟分析成功，userId: 43, birthDate: 2005-06-23T09:00:00Z","timestamp":"2025-04-10T11:03:27.088Z"}
{"level":"info","message":"八字计算成功，birthDate: 2004-10-15T08:00:00Z","timestamp":"2025-04-10T11:04:04.696Z"}
{"level":"info","message":"创建八字分析记录成功，userId: 43, 记录ID: 27","timestamp":"2025-04-10T11:04:16.965Z"}
{"level":"info","message":"八字模拟分析成功，userId: 43, birthDate: 2004-10-15T08:00:00Z","timestamp":"2025-04-10T11:04:16.965Z"}
{"level":"info","message":"八字计算成功，birthDate: 2003-08-21T16:00:00Z","timestamp":"2025-04-10T11:06:29.979Z"}
{"level":"info","message":"创建八字分析记录成功，userId: 43, 记录ID: 28","timestamp":"2025-04-10T11:06:42.407Z"}
{"level":"info","message":"八字模拟分析成功，userId: 43, birthDate: 2003-08-21T16:00:00Z","timestamp":"2025-04-10T11:06:42.407Z"}
{"level":"info","message":"八字计算成功，birthDate: 2003-08-21T15:00:00Z","timestamp":"2025-04-10T11:08:04.543Z"}
{"level":"info","message":"创建八字分析记录成功，userId: 43, 记录ID: 29","timestamp":"2025-04-10T11:08:16.327Z"}
{"level":"info","message":"八字模拟分析成功，userId: 43, birthDate: 2003-08-21T15:00:00Z","timestamp":"2025-04-10T11:08:16.328Z"}
{"level":"warn","message":"JWT 认证失败，路径: /api/bazi/diagnose, 错误: jwt expired","timestamp":"2025-04-10T11:08:57.276Z"}
{"level":"info","message":"八字计算成功，birthDate: 2005-06-23T09:00:00Z","timestamp":"2025-04-10T11:09:06.762Z"}
{"level":"info","message":"创建八字分析记录成功，userId: 43, 记录ID: 30","timestamp":"2025-04-10T11:09:19.116Z"}
{"level":"info","message":"八字诊断成功，userId: 43, 记录ID: 30","timestamp":"2025-04-10T11:09:19.117Z"}
{"level":"info","message":"八字计算成功，birthDate: 2000-01-01T00:00:00Z","timestamp":"2025-04-10T11:09:58.277Z"}
{"level":"info","message":"创建八字分析记录成功，userId: 43, 记录ID: 31","timestamp":"2025-04-10T11:10:11.520Z"}
{"level":"info","message":"八字诊断成功，userId: 43, 记录ID: 31","timestamp":"2025-04-10T11:10:11.521Z"}
{"level":"info","message":"八字计算成功，birthDate: 2000-01-01T12:00:00Z","timestamp":"2025-04-10T11:10:32.477Z"}
{"level":"info","message":"创建八字分析记录成功，userId: 43, 记录ID: 32","timestamp":"2025-04-10T11:10:45.433Z"}
{"level":"info","message":"八字诊断成功，userId: 43, 记录ID: 32","timestamp":"2025-04-10T11:10:45.434Z"}
2025-04-15 20:57:59 [INFO]: 用户登录成功,id:42,username: admin
2025-04-15 20:58:47 [INFO]: 用户登录成功,id:43,username: 杨帆
